# JRE version: OpenJDK Runtime Environment 18.9 (11.0.11+9) (build 11.0.11+9)
# Java VM: OpenJDK 64-Bit Server VM 18.9 (11.0.11+9, mixed mode, tiered, compressed oops, g1 gc, windows-amd64)
Heap:
 garbage-first heap   total 307200K, used 108132K [0x0000000740000000, 0x0000000800000000)
  region size 1024K, 10 young (10240K), 1 survivors (1024K)
 Metaspace       used 112819K, capacity 115920K, committed 116224K, reserved 1148928K
  class space    used 14443K, capacity 15796K, committed 15872K, reserved 1048576K
GC Heap History (20 events):
Event: 1657.135 GC heap before
{Heap before GC invocations=514 (full 330):
 garbage-first heap   total 307200K, used 152867K [0x0000000740000000, 0x0000000800000000)
  region size 1024K, 60 young (61440K), 2 survivors (2048K)
 Metaspace       used 112583K, capacity 115707K, committed 115968K, reserved 1148928K
  class space    used 14440K, capacity 15791K, committed 15872K, reserved 1048576K
}
Event: 1657.136 GC heap after
{Heap after GC invocations=515 (full 330):
 garbage-first heap   total 307200K, used 93503K [0x0000000740000000, 0x0000000800000000)
  region size 1024K, 2 young (2048K), 2 survivors (2048K)
 Metaspace       used 112583K, capacity 115707K, committed 115968K, reserved 1148928K
  class space    used 14440K, capacity 15791K, committed 15872K, reserved 1048576K
}
Event: 1677.309 GC heap before
{Heap before GC invocations=515 (full 330):
 garbage-first heap   total 307200K, used 152895K [0x0000000740000000, 0x0000000800000000)
  region size 1024K, 60 young (61440K), 2 survivors (2048K)
 Metaspace       used 112612K, capacity 115707K, committed 115968K, reserved 1148928K
  class space    used 14440K, capacity 15791K, committed 15872K, reserved 1048576K
}
Event: 1677.312 GC heap after
{Heap after GC invocations=516 (full 330):
 garbage-first heap   total 307200K, used 94966K [0x0000000740000000, 0x0000000800000000)
  region size 1024K, 3 young (3072K), 3 survivors (3072K)
 Metaspace       used 112612K, capacity 115707K, committed 115968K, reserved 1148928K
  class space    used 14440K, capacity 15791K, committed 15872K, reserved 1048576K
}
Event: 1677.683 GC heap before
{Heap before GC invocations=516 (full 330):
 garbage-first heap   total 307200K, used 153334K [0x0000000740000000, 0x0000000800000000)
  region size 1024K, 60 young (61440K), 3 survivors (3072K)
 Metaspace       used 112645K, capacity 115774K, committed 115968K, reserved 1148928K
  class space    used 14440K, capacity 15792K, committed 15872K, reserved 1048576K
}
Event: 1677.686 GC heap after
{Heap after GC invocations=517 (full 330):
 garbage-first heap   total 307200K, used 96910K [0x0000000740000000, 0x0000000800000000)
  region size 1024K, 5 young (5120K), 5 survivors (5120K)
 Metaspace       used 112645K, capacity 115774K, committed 115968K, reserved 1148928K
  class space    used 14440K, capacity 15792K, committed 15872K, reserved 1048576K
}
Event: 1684.651 GC heap before
{Heap before GC invocations=517 (full 330):
 garbage-first heap   total 307200K, used 153230K [0x0000000740000000, 0x0000000800000000)
  region size 1024K, 60 young (61440K), 5 survivors (5120K)
 Metaspace       used 112715K, capacity 115838K, committed 115968K, reserved 1148928K
  class space    used 14440K, capacity 15792K, committed 15872K, reserved 1048576K
}
Event: 1684.655 GC heap after
{Heap after GC invocations=518 (full 330):
 garbage-first heap   total 307200K, used 99806K [0x0000000740000000, 0x0000000800000000)
  region size 1024K, 7 young (7168K), 7 survivors (7168K)
 Metaspace       used 112715K, capacity 115838K, committed 115968K, reserved 1148928K
  class space    used 14440K, capacity 15792K, committed 15872K, reserved 1048576K
}
Event: 1684.889 GC heap before
{Heap before GC invocations=518 (full 330):
 garbage-first heap   total 307200K, used 154078K [0x0000000740000000, 0x0000000800000000)
  region size 1024K, 60 young (61440K), 7 survivors (7168K)
 Metaspace       used 112753K, capacity 115838K, committed 115968K, reserved 1148928K
  class space    used 14440K, capacity 15792K, committed 15872K, reserved 1048576K
}
Event: 1684.893 GC heap after
{Heap after GC invocations=519 (full 330):
 garbage-first heap   total 307200K, used 100829K [0x0000000740000000, 0x0000000800000000)
  region size 1024K, 5 young (5120K), 5 survivors (5120K)
 Metaspace       used 112753K, capacity 115838K, committed 115968K, reserved 1148928K
  class space    used 14440K, capacity 15792K, committed 15872K, reserved 1048576K
}
Event: 1685.023 GC heap before
{Heap before GC invocations=519 (full 330):
 garbage-first heap   total 307200K, used 128477K [0x0000000740000000, 0x0000000800000000)
  region size 1024K, 28 young (28672K), 5 survivors (5120K)
 Metaspace       used 112773K, capacity 115856K, committed 115968K, reserved 1148928K
  class space    used 14443K, capacity 15796K, committed 15872K, reserved 1048576K
}
Event: 1685.084 GC heap after
{Heap after GC invocations=520 (full 331):
 garbage-first heap   total 307200K, used 97082K [0x0000000740000000, 0x0000000800000000)
  region size 1024K, 0 young (0K), 0 survivors (0K)
 Metaspace       used 112773K, capacity 115856K, committed 115968K, reserved 1148928K
  class space    used 14443K, capacity 15796K, committed 15872K, reserved 1048576K
}
Event: 1689.242 GC heap before
{Heap before GC invocations=520 (full 331):
 garbage-first heap   total 307200K, used 160570K [0x0000000740000000, 0x0000000800000000)
  region size 1024K, 60 young (61440K), 0 survivors (0K)
 Metaspace       used 112788K, capacity 115856K, committed 115968K, reserved 1148928K
  class space    used 14443K, capacity 15796K, committed 15872K, reserved 1048576K
}
Event: 1689.244 GC heap after
{Heap after GC invocations=521 (full 331):
 garbage-first heap   total 307200K, used 100056K [0x0000000740000000, 0x0000000800000000)
  region size 1024K, 1 young (1024K), 1 survivors (1024K)
 Metaspace       used 112788K, capacity 115856K, committed 115968K, reserved 1148928K
  class space    used 14443K, capacity 15796K, committed 15872K, reserved 1048576K
}
Event: 1691.497 GC heap before
{Heap before GC invocations=521 (full 331):
 garbage-first heap   total 307200K, used 160472K [0x0000000740000000, 0x0000000800000000)
  region size 1024K, 60 young (61440K), 1 survivors (1024K)
 Metaspace       used 112795K, capacity 115920K, committed 116224K, reserved 1148928K
  class space    used 14443K, capacity 15796K, committed 15872K, reserved 1048576K
}
Event: 1691.499 GC heap after
{Heap after GC invocations=522 (full 331):
 garbage-first heap   total 307200K, used 99747K [0x0000000740000000, 0x0000000800000000)
  region size 1024K, 1 young (1024K), 1 survivors (1024K)
 Metaspace       used 112795K, capacity 115920K, committed 116224K, reserved 1148928K
  class space    used 14443K, capacity 15796K, committed 15872K, reserved 1048576K
}
Event: 1692.857 GC heap before
{Heap before GC invocations=522 (full 331):
 garbage-first heap   total 307200K, used 160163K [0x0000000740000000, 0x0000000800000000)
  region size 1024K, 60 young (61440K), 1 survivors (1024K)
 Metaspace       used 112796K, capacity 115920K, committed 116224K, reserved 1148928K
  class space    used 14443K, capacity 15796K, committed 15872K, reserved 1048576K
}
Event: 1692.859 GC heap after
{Heap after GC invocations=523 (full 331):
 garbage-first heap   total 307200K, used 99502K [0x0000000740000000, 0x0000000800000000)
  region size 1024K, 1 young (1024K), 1 survivors (1024K)
 Metaspace       used 112796K, capacity 115920K, committed 116224K, reserved 1148928K
  class space    used 14443K, capacity 15796K, committed 15872K, reserved 1048576K
}
Event: 1695.291 GC heap before
{Heap before GC invocations=523 (full 331):
 garbage-first heap   total 307200K, used 159918K [0x0000000740000000, 0x0000000800000000)
  region size 1024K, 60 young (61440K), 1 survivors (1024K)
 Metaspace       used 112818K, capacity 115920K, committed 116224K, reserved 1148928K
  class space    used 14443K, capacity 15796K, committed 15872K, reserved 1048576K
}
Event: 1695.293 GC heap after
{Heap after GC invocations=524 (full 331):
 garbage-first heap   total 307200K, used 99940K [0x0000000740000000, 0x0000000800000000)
  region size 1024K, 1 young (1024K), 1 survivors (1024K)
 Metaspace       used 112818K, capacity 115920K, committed 116224K, reserved 1148928K
  class space    used 14443K, capacity 15796K, committed 15872K, reserved 1048576K
}

